<?xml version="1.0" encoding="UTF-8"?>
<!-- Generated by org.testng.reporters.JUnitXMLReporter -->
<testsuite ignored="1" hostname="LAPTOP-S1UUMFU4" failures="0" tests="3" name="Default test" time="5.235" errors="0" timestamp="2024-07-14T11:12:19 IST">
  <testcase classname="org.api.GroceryApiWithoutBaseClass" name="postmanBasicAuthLogin" time="1.943"/>
  <testcase classname="org.api.GroceryApiWithoutBaseClass" name="loginWithApiKey" time="0.649"/>
  <testcase classname="org.api.GroceryApiWithoutBaseClass" name="accessToken" time="2.605"/>
  <testcase classname="org.api.GroceryApiWithoutBaseClass" name="login" time="0.0">
    <ignored/>
  </testcase> <!-- login -->
</testsuite> <!-- Default test -->
