<?xml version="1.0" encoding="UTF-8"?>
<!-- Generated by org.testng.reporters.JUnitXMLReporter -->
<testsuite ignored="3" hostname="LAPTOP-S1UUMFU4" failures="0" tests="3" name="Default test" time="4.117" errors="0" timestamp="2024-07-14T20:24:57 IST">
  <testcase classname="org.api.GroceryApiWithoutBaseClass" name="postmanBasicAuthLogin" time="2.378"/>
  <testcase classname="org.api.GroceryApiWithoutBaseClass" name="forgotPassword" time="1.276"/>
  <testcase classname="org.api.GroceryApiWithoutBaseClass" name="updateDevice" time="0.416"/>
  <testcase classname="org.api.GroceryApiWithoutBaseClass" name="login" time="0.0">
    <ignored/>
  </testcase> <!-- login -->
  <testcase classname="org.api.GroceryApiWithoutBaseClass" name="accessToken" time="0.0">
    <ignored/>
  </testcase> <!-- accessToken -->
  <testcase classname="org.api.GroceryApiWithoutBaseClass" name="loginWithApiKey" time="0.0">
    <ignored/>
  </testcase> <!-- loginWithApiKey -->
</testsuite> <!-- Default test -->
