<?xml version="1.0" encoding="UTF-8"?>
<testng-results ignored="1" total="4" passed="3" failed="0" skipped="0">
  <reporter-output>
  </reporter-output>
  <suite started-at="2024-07-14T11:12:14 IST" name="Default suite" finished-at="2024-07-14T11:12:19 IST" duration-ms="5235">
    <groups>
    </groups>
    <test started-at="2024-07-14T11:12:14 IST" name="Default test" finished-at="2024-07-14T11:12:19 IST" duration-ms="5235">
      <class name="org.api.GroceryApiWithoutBaseClass">
        <test-method signature="postmanBasicAuthLogin()[pri:0, instance:org.api.GroceryApiWithoutBaseClass@10feca44]" started-at="2024-07-14T11:12:14 IST" name="postmanBasicAuthLogin" finished-at="2024-07-14T11:12:16 IST" duration-ms="1943" status="PASS">
          <reporter-output>
          </reporter-output>
        </test-method> <!-- postmanBasicAuthLogin -->
        <test-method signature="loginWithApiKey()[pri:2, instance:org.api.GroceryApiWithoutBaseClass@10feca44]" started-at="2024-07-14T11:12:16 IST" name="loginWithApiKey" finished-at="2024-07-14T11:12:16 IST" duration-ms="649" status="PASS">
          <reporter-output>
          </reporter-output>
        </test-method> <!-- loginWithApiKey -->
        <test-method signature="accessToken()[pri:3, instance:org.api.GroceryApiWithoutBaseClass@10feca44]" started-at="2024-07-14T11:12:16 IST" name="accessToken" finished-at="2024-07-14T11:12:19 IST" duration-ms="2605" status="PASS">
          <reporter-output>
          </reporter-output>
        </test-method> <!-- accessToken -->
      </class> <!-- org.api.GroceryApiWithoutBaseClass -->
    </test> <!-- Default test -->
  </suite> <!-- Default suite -->
</testng-results>
