<?xml version="1.0" encoding="UTF-8"?>
<testng-results ignored="3" total="6" passed="3" failed="0" skipped="0">
  <reporter-output>
  </reporter-output>
  <suite started-at="2024-07-14T20:24:53 IST" name="Default suite" finished-at="2024-07-14T20:24:57 IST" duration-ms="4117">
    <groups>
    </groups>
    <test started-at="2024-07-14T20:24:53 IST" name="Default test" finished-at="2024-07-14T20:24:57 IST" duration-ms="4117">
      <class name="org.api.GroceryApiWithoutBaseClass">
        <test-method signature="postmanBasicAuthLogin()[pri:0, instance:org.api.GroceryApiWithoutBaseClass@ea6147e]" started-at="2024-07-14T20:24:53 IST" name="postmanBasicAuthLogin" finished-at="2024-07-14T20:24:55 IST" duration-ms="2378" status="PASS">
          <reporter-output>
          </reporter-output>
        </test-method> <!-- postmanBasicAuthLogin -->
        <test-method signature="forgotPassword()[pri:4, instance:org.api.GroceryApiWithoutBaseClass@ea6147e]" started-at="2024-07-14T20:24:55 IST" name="forgotPassword" finished-at="2024-07-14T20:24:56 IST" duration-ms="1276" status="PASS">
          <reporter-output>
          </reporter-output>
        </test-method> <!-- forgotPassword -->
        <test-method signature="updateDevice()[pri:5, instance:org.api.GroceryApiWithoutBaseClass@ea6147e]" started-at="2024-07-14T20:24:56 IST" name="updateDevice" finished-at="2024-07-14T20:24:57 IST" duration-ms="416" status="PASS">
          <reporter-output>
          </reporter-output>
        </test-method> <!-- updateDevice -->
      </class> <!-- org.api.GroceryApiWithoutBaseClass -->
    </test> <!-- Default test -->
  </suite> <!-- Default suite -->
</testng-results>
